515  [main] INFO  c.example.task18.Task18Application – Starting Task18Application using Java 17.0.2 on DESKTOP-MFDHJFC with PID 13644 (D:\University\4_semestr\SHPPNYAD\JavaPatternMirea\src\ru\mirea\task22\target\classes started by Acer in D:\University\4_semestr\SHPPNYAD\JavaPatternMirea\src\ru\mirea\task22)
535  [main] INFO  c.example.task18.Task18Application – No active profile set, falling back to 1 default profile: "default"
943  [main] INFO  o.s.d.r.c.RepositoryConfigurationDelegate – Bootstrapping Spring Data JPA repositories in DEFAULT mode.
988  [main] INFO  o.s.d.r.c.RepositoryConfigurationDelegate – Finished Spring Data repository scanning in 29 ms. Found 2 JPA repository interfaces.
1747 [main] INFO  o.s.b.w.e.tomcat.TomcatWebServer – Tomcat initialized with port(s): 8080 (http)
1762 [main] INFO  o.a.coyote.http11.Http11NioProtocol – Initializing ProtocolHandler ["http-nio-8080"]
1762 [main] INFO  o.a.catalina.core.StandardService – Starting service [Tomcat]
1762 [main] INFO  o.a.catalina.core.StandardEngine – Starting Servlet engine: [Apache Tomcat/9.0.60]
1858 [main] INFO  o.a.c.c.C.[Tomcat].[localhost].[/] – Initializing Spring embedded WebApplicationContext
1858 [main] INFO  o.s.b.w.s.c.ServletWebServerApplicationContext – Root WebApplicationContext: initialization completed in 1280 ms
1973 [main] INFO  o.h.jpa.internal.util.LogHelper – HHH000204: Processing PersistenceUnitInfo [name: default]
1989 [main] INFO  org.hibernate.Version – HHH000412: Hibernate ORM core version 5.6.7.Final
2062 [main] INFO  o.h.annotations.common.Version – HCANN000001: Hibernate Commons Annotations {5.1.2.Final}
2124 [main] INFO  com.zaxxer.hikari.HikariDataSource – HikariPool-1 - Starting...
2270 [main] INFO  com.zaxxer.hikari.HikariDataSource – HikariPool-1 - Start completed.
2285 [main] INFO  org.hibernate.dialect.Dialect – HHH000400: Using dialect: org.hibernate.dialect.PostgreSQLDialect
2714 [main] INFO  o.h.e.t.j.p.i.JtaPlatformInitiator – HHH000490: Using JtaPlatform implementation: [org.hibernate.engine.transaction.jta.platform.internal.NoJtaPlatform]
2730 [main] INFO  o.s.o.j.LocalContainerEntityManagerFactoryBean – Initialized JPA EntityManagerFactory for persistence unit 'default'
3142 [main] WARN  o.s.b.a.o.j.JpaBaseConfiguration$JpaWebConfiguration – spring.jpa.open-in-view is enabled by default. Therefore, database queries may be performed during view rendering. Explicitly configure spring.jpa.open-in-view to disable this warning
3366 [main] WARN  o.s.b.a.t.ThymeleafAutoConfiguration$DefaultTemplateResolverConfiguration – Cannot find template location: classpath:/templates/ (please add some templates or check your Thymeleaf configuration)
3468 [main] INFO  o.a.coyote.http11.Http11NioProtocol – Starting ProtocolHandler ["http-nio-8080"]
3499 [main] INFO  o.s.b.w.e.tomcat.TomcatWebServer – Tomcat started on port(s): 8080 (http) with context path ''
3515 [main] INFO  c.example.task18.Task18Application – Started Task18Application in 3.381 seconds (JVM running for 3.919)
3543 [scheduling-1] INFO  c.e.task18.service.WorkerService – Read all workers
3622 [scheduling-1] INFO  com.example.task18.aop.AOPClass – WorkerService.readAll() completed in 79 ms
3634 [scheduling-1] INFO  c.e.t.service.ManufactureService – Read all manufacture
3634 [scheduling-1] INFO  com.example.task18.aop.AOPClass – ManufactureService.readAll() completed in 1 ms
3634 [scheduling-1] INFO  com.example.task18.aop.AOPClass – ScheduleService.backupFromDatabase() completed in 135 ms
47905 [SpringApplicationShutdownHook] INFO  o.s.o.j.LocalContainerEntityManagerFactoryBean – Closing JPA EntityManagerFactory for persistence unit 'default'
47905 [SpringApplicationShutdownHook] INFO  com.zaxxer.hikari.HikariDataSource – HikariPool-1 - Shutdown initiated...
47912 [SpringApplicationShutdownHook] INFO  com.zaxxer.hikari.HikariDataSource – HikariPool-1 - Shutdown completed.
