451  [main] INFO  c.example.task18.Task18Application – Starting Task18Application using Java 17.0.2 on DESKTOP-MFDHJFC with PID 8972 (D:\University\4_semestr\SHPPNYAD\JavaPatternMirea\src\ru\mirea\task19\target\classes started by Acer in D:\University\4_semestr\SHPPNYAD\JavaPatternMirea\src\ru\mirea\task19)
454  [main] INFO  c.example.task18.Task18Application – No active profile set, falling back to 1 default profile: "default"
799  [main] INFO  o.s.d.r.c.RepositoryConfigurationDelegate – Bootstrapping Spring Data JPA repositories in DEFAULT mode.
832  [main] INFO  o.s.d.r.c.RepositoryConfigurationDelegate – Finished Spring Data repository scanning in 27 ms. Found 2 JPA repository interfaces.
1267 [main] INFO  o.s.b.w.e.tomcat.TomcatWebServer – Tomcat initialized with port(s): 8080 (http)
1272 [main] INFO  o.a.coyote.http11.Http11NioProtocol – Initializing ProtocolHandler ["http-nio-8080"]
1272 [main] INFO  o.a.catalina.core.StandardService – Starting service [Tomcat]
1272 [main] INFO  o.a.catalina.core.StandardEngine – Starting Servlet engine: [Apache Tomcat/9.0.60]
1343 [main] INFO  o.a.c.c.C.[Tomcat].[localhost].[/] – Initializing Spring embedded WebApplicationContext
1343 [main] INFO  o.s.b.w.s.c.ServletWebServerApplicationContext – Root WebApplicationContext: initialization completed in 851 ms
1448 [main] INFO  o.h.jpa.internal.util.LogHelper – HHH000204: Processing PersistenceUnitInfo [name: default]
1467 [main] INFO  org.hibernate.Version – HHH000412: Hibernate ORM core version 5.6.7.Final
1529 [main] INFO  o.h.annotations.common.Version – HCANN000001: Hibernate Commons Annotations {5.1.2.Final}
1580 [main] INFO  com.zaxxer.hikari.HikariDataSource – HikariPool-1 - Starting...
1678 [main] INFO  com.zaxxer.hikari.HikariDataSource – HikariPool-1 - Start completed.
1685 [main] INFO  org.hibernate.dialect.Dialect – HHH000400: Using dialect: org.hibernate.dialect.PostgreSQLDialect
2043 [main] INFO  o.h.e.t.j.p.i.JtaPlatformInitiator – HHH000490: Using JtaPlatform implementation: [org.hibernate.engine.transaction.jta.platform.internal.NoJtaPlatform]
2048 [main] INFO  o.s.o.j.LocalContainerEntityManagerFactoryBean – Initialized JPA EntityManagerFactory for persistence unit 'default'
2281 [main] WARN  o.s.b.a.o.j.JpaBaseConfiguration$JpaWebConfiguration – spring.jpa.open-in-view is enabled by default. Therefore, database queries may be performed during view rendering. Explicitly configure spring.jpa.open-in-view to disable this warning
2415 [main] WARN  o.s.b.a.t.ThymeleafAutoConfiguration$DefaultTemplateResolverConfiguration – Cannot find template location: classpath:/templates/ (please add some templates or check your Thymeleaf configuration)
2473 [main] INFO  o.a.coyote.http11.Http11NioProtocol – Starting ProtocolHandler ["http-nio-8080"]
2485 [main] INFO  o.s.b.w.e.tomcat.TomcatWebServer – Tomcat started on port(s): 8080 (http) with context path ''
2494 [main] INFO  c.example.task18.Task18Application – Started Task18Application in 2.366 seconds (JVM running for 2.862)
21935 [http-nio-8080-exec-1] INFO  o.a.c.c.C.[Tomcat].[localhost].[/] – Initializing Spring DispatcherServlet 'dispatcherServlet'
21935 [http-nio-8080-exec-1] INFO  o.s.web.servlet.DispatcherServlet – Initializing Servlet 'dispatcherServlet'
21935 [http-nio-8080-exec-1] INFO  o.s.web.servlet.DispatcherServlet – Completed initialization in 0 ms
21981 [http-nio-8080-exec-1] INFO  c.e.task18.service.WorkerService – Save worker
28252 [http-nio-8080-exec-7] INFO  c.e.task18.service.WorkerService – Read all workers
96476 [SpringApplicationShutdownHook] INFO  o.s.o.j.LocalContainerEntityManagerFactoryBean – Closing JPA EntityManagerFactory for persistence unit 'default'
96477 [SpringApplicationShutdownHook] INFO  com.zaxxer.hikari.HikariDataSource – HikariPool-1 - Shutdown initiated...
96480 [SpringApplicationShutdownHook] INFO  com.zaxxer.hikari.HikariDataSource – HikariPool-1 - Shutdown completed.
557  [main] INFO  c.example.task18.Task18Application – Starting Task18Application using Java 17.0.2 on DESKTOP-MFDHJFC with PID 14008 (D:\University\4_semestr\SHPPNYAD\JavaPatternMirea\src\ru\mirea\task19\target\classes started by Acer in D:\University\4_semestr\SHPPNYAD\JavaPatternMirea\src\ru\mirea\task19)
559  [main] INFO  c.example.task18.Task18Application – No active profile set, falling back to 1 default profile: "default"
874  [main] INFO  o.s.d.r.c.RepositoryConfigurationDelegate – Bootstrapping Spring Data JPA repositories in DEFAULT mode.
902  [main] INFO  o.s.d.r.c.RepositoryConfigurationDelegate – Finished Spring Data repository scanning in 22 ms. Found 2 JPA repository interfaces.
1292 [main] INFO  o.s.b.w.e.tomcat.TomcatWebServer – Tomcat initialized with port(s): 8080 (http)
1296 [main] INFO  o.a.coyote.http11.Http11NioProtocol – Initializing ProtocolHandler ["http-nio-8080"]
1297 [main] INFO  o.a.catalina.core.StandardService – Starting service [Tomcat]
1297 [main] INFO  o.a.catalina.core.StandardEngine – Starting Servlet engine: [Apache Tomcat/9.0.60]
1357 [main] INFO  o.a.c.c.C.[Tomcat].[localhost].[/] – Initializing Spring embedded WebApplicationContext
1357 [main] INFO  o.s.b.w.s.c.ServletWebServerApplicationContext – Root WebApplicationContext: initialization completed in 768 ms
1444 [main] INFO  o.h.jpa.internal.util.LogHelper – HHH000204: Processing PersistenceUnitInfo [name: default]
1466 [main] INFO  org.hibernate.Version – HHH000412: Hibernate ORM core version 5.6.7.Final
1532 [main] INFO  o.h.annotations.common.Version – HCANN000001: Hibernate Commons Annotations {5.1.2.Final}
1576 [main] INFO  com.zaxxer.hikari.HikariDataSource – HikariPool-1 - Starting...
1670 [main] INFO  com.zaxxer.hikari.HikariDataSource – HikariPool-1 - Start completed.
1677 [main] INFO  org.hibernate.dialect.Dialect – HHH000400: Using dialect: org.hibernate.dialect.PostgreSQLDialect
2027 [main] INFO  o.h.e.t.j.p.i.JtaPlatformInitiator – HHH000490: Using JtaPlatform implementation: [org.hibernate.engine.transaction.jta.platform.internal.NoJtaPlatform]
2033 [main] INFO  o.s.o.j.LocalContainerEntityManagerFactoryBean – Initialized JPA EntityManagerFactory for persistence unit 'default'
2257 [main] WARN  o.s.b.a.o.j.JpaBaseConfiguration$JpaWebConfiguration – spring.jpa.open-in-view is enabled by default. Therefore, database queries may be performed during view rendering. Explicitly configure spring.jpa.open-in-view to disable this warning
2412 [main] WARN  o.s.b.a.t.ThymeleafAutoConfiguration$DefaultTemplateResolverConfiguration – Cannot find template location: classpath:/templates/ (please add some templates or check your Thymeleaf configuration)
2471 [main] INFO  o.a.coyote.http11.Http11NioProtocol – Starting ProtocolHandler ["http-nio-8080"]
2489 [main] INFO  o.s.b.w.e.tomcat.TomcatWebServer – Tomcat started on port(s): 8080 (http) with context path ''
2499 [main] INFO  c.example.task18.Task18Application – Started Task18Application in 2.324 seconds (JVM running for 2.934)
11816 [http-nio-8080-exec-1] INFO  o.a.c.c.C.[Tomcat].[localhost].[/] – Initializing Spring DispatcherServlet 'dispatcherServlet'
11816 [http-nio-8080-exec-1] INFO  o.s.web.servlet.DispatcherServlet – Initializing Servlet 'dispatcherServlet'
11816 [http-nio-8080-exec-1] INFO  o.s.web.servlet.DispatcherServlet – Completed initialization in 0 ms
11830 [http-nio-8080-exec-1] INFO  c.e.task18.service.WorkerService – Read all workers
22325 [http-nio-8080-exec-4] INFO  c.e.task18.service.WorkerService – Save worker
26324 [http-nio-8080-exec-8] INFO  c.e.task18.service.WorkerService – Read all workers
256558 [SpringApplicationShutdownHook] INFO  o.s.o.j.LocalContainerEntityManagerFactoryBean – Closing JPA EntityManagerFactory for persistence unit 'default'
256560 [SpringApplicationShutdownHook] INFO  com.zaxxer.hikari.HikariDataSource – HikariPool-1 - Shutdown initiated...
256562 [SpringApplicationShutdownHook] INFO  com.zaxxer.hikari.HikariDataSource – HikariPool-1 - Shutdown completed.
